2025-12-24 14:05:44,749 | INFO | [API_MANAGER] 📡 Conectando con Binance Futures (TESTNET)...
2025-12-24 14:05:45,445 | INFO | [API_MANAGER] Conexión Establecida. Ping: 1766599544552
2025-12-24 14:11:12,661 | INFO | [TELEGRAM] 🚀 Servicio de mensajería iniciado en segundo plano.
2025-12-24 14:11:13,268 | INFO | [TELEGRAM] 👂 Escuchando comandos...
2025-12-24 14:11:13,310 | ERROR | [API_MANAGER] ❌ ADVERTENCIA: Error leyendo posiciones: (401, -2015, 'Invalid API-key, IP, or permissions for action', {'Content-Type': 'application/json', 'Content-Length': '69', 'Connection': 'keep-alive', 'Date': 'Wed, 24 Dec 2025 18:11:12 GMT', 'Access-Control-Allow-Methods': 'GET, POST, PUT, DELETE, OPTIONS', 'Server': 'Bengine', 'x-mbx-used-weight-1m': '54', 'x-response-time': '2ms', 'Access-Control-Allow-Origin': '*', 'X-Cache': 'Error from cloudfront', 'Via': '1.1 6b841f2a8bf37f2f0d19953298c0f040.cloudfront.net (CloudFront)', 'X-Amz-Cf-Pop': 'MIA50-P7', 'X-Amz-Cf-Id': 'sZkiEVhZJW7vOSEdCc3dRjK7wACbfaN8YrXoq2Akc4MVMJi6iAWVig=='})
2025-12-24 14:11:13,311 | INFO | [MAIN] Sistema arrancado exitosamente.
2025-12-24 14:11:29,255 | ERROR | [API_MANAGER] ❌ ADVERTENCIA: Error leyendo posiciones: (401, -2015, 'Invalid API-key, IP, or permissions for action', {'Content-Type': 'application/json', 'Content-Length': '69', 'Connection': 'keep-alive', 'Date': 'Wed, 24 Dec 2025 18:11:28 GMT', 'Access-Control-Allow-Methods': 'GET, POST, PUT, DELETE, OPTIONS', 'Server': 'Bengine', 'x-mbx-used-weight-1m': '11', 'x-response-time': '3ms', 'Access-Control-Allow-Origin': '*', 'X-Cache': 'Error from cloudfront', 'Via': '1.1 6b841f2a8bf37f2f0d19953298c0f040.cloudfront.net (CloudFront)', 'X-Amz-Cf-Pop': 'MIA50-P7', 'X-Amz-Cf-Id': 'PtkrxtAyH0T3lIr1ROKYk0FyKi5Z3wG_HJK-DED3lhVpyGg27SPenA=='})
2025-12-24 14:11:29,523 | ERROR | [LOOP_SLOW] ❌ ADVERTENCIA: Error #1: type object 'Config' has no attribute 'ENABLE_SHADOW_V2'
2025-12-24 14:11:46,018 | ERROR | [API_MANAGER] ❌ ADVERTENCIA: Error leyendo posiciones: (401, -2015, 'Invalid API-key, IP, or permissions for action', {'Content-Type': 'application/json', 'Content-Length': '69', 'Connection': 'keep-alive', 'Date': 'Wed, 24 Dec 2025 18:11:45 GMT', 'Access-Control-Allow-Methods': 'GET, POST, PUT, DELETE, OPTIONS', 'Server': 'Bengine', 'x-mbx-used-weight-1m': '16', 'x-response-time': '7ms', 'Access-Control-Allow-Origin': '*', 'X-Cache': 'Error from cloudfront', 'Via': '1.1 6b841f2a8bf37f2f0d19953298c0f040.cloudfront.net (CloudFront)', 'X-Amz-Cf-Pop': 'MIA50-P7', 'X-Amz-Cf-Id': 'Soi3TgUH1W9KMDD0iQTdBT8QJOxJRnbYf3tELJVVZ5hBzkNEDXE5LA=='})
2025-12-24 14:11:46,662 | ERROR | [LOOP_SLOW] ❌ ADVERTENCIA: Error #2: type object 'Config' has no attribute 'ENABLE_SHADOW_V2'
2025-12-24 14:12:02,545 | ERROR | [API_MANAGER] ❌ ADVERTENCIA: Error leyendo posiciones: (401, -2015, 'Invalid API-key, IP, or permissions for action', {'Content-Type': 'application/json', 'Content-Length': '69', 'Connection': 'keep-alive', 'Date': 'Wed, 24 Dec 2025 18:12:01 GMT', 'Access-Control-Allow-Methods': 'GET, POST, PUT, DELETE, OPTIONS', 'Server': 'Bengine', 'x-mbx-used-weight-1m': '16', 'x-response-time': '5ms', 'Access-Control-Allow-Origin': '*', 'X-Cache': 'Error from cloudfront', 'Via': '1.1 6b841f2a8bf37f2f0d19953298c0f040.cloudfront.net (CloudFront)', 'X-Amz-Cf-Pop': 'MIA50-P7', 'X-Amz-Cf-Id': 'c7ZjG8ZOEkFvUOcmxGSQoJYnc5eQLqs-f9-5v2Or5qLS1zG0owVyCw=='})
2025-12-24 14:12:02,820 | ERROR | [LOOP_SLOW] ❌ ADVERTENCIA: Error #3: type object 'Config' has no attribute 'ENABLE_SHADOW_V2'
2025-12-24 14:12:20,014 | ERROR | [API_MANAGER] ❌ ADVERTENCIA: Error leyendo posiciones: (401, -2015, 'Invalid API-key, IP, or permissions for action', {'Content-Type': 'application/json', 'Content-Length': '69', 'Connection': 'keep-alive', 'Date': 'Wed, 24 Dec 2025 18:12:19 GMT', 'Access-Control-Allow-Methods': 'GET, POST, PUT, DELETE, OPTIONS', 'Server': 'Bengine', 'x-mbx-used-weight-1m': '108', 'x-response-time': '2ms', 'Access-Control-Allow-Origin': '*', 'X-Cache': 'Error from cloudfront', 'Via': '1.1 6b841f2a8bf37f2f0d19953298c0f040.cloudfront.net (CloudFront)', 'X-Amz-Cf-Pop': 'MIA50-P7', 'X-Amz-Cf-Id': 'a37GHnigTHjc_lNpMj2J6BY4nTWYYQwAZhKD8PtFk6ynYOj_MLzoNw=='})
2025-12-24 14:12:20,355 | ERROR | [LOOP_SLOW] ❌ ADVERTENCIA: Error #4: type object 'Config' has no attribute 'ENABLE_SHADOW_V2'
2025-12-24 14:12:37,633 | ERROR | [API_MANAGER] ❌ ADVERTENCIA: Error leyendo posiciones: (401, -2015, 'Invalid API-key, IP, or permissions for action', {'Content-Type': 'application/json', 'Content-Length': '69', 'Connection': 'keep-alive', 'Date': 'Wed, 24 Dec 2025 18:12:36 GMT', 'Access-Control-Allow-Methods': 'GET, POST, PUT, DELETE, OPTIONS', 'Server': 'Bengine', 'x-mbx-used-weight-1m': '93', 'x-response-time': '2ms', 'Access-Control-Allow-Origin': '*', 'X-Cache': 'Error from cloudfront', 'Via': '1.1 6b841f2a8bf37f2f0d19953298c0f040.cloudfront.net (CloudFront)', 'X-Amz-Cf-Pop': 'MIA50-P7', 'X-Amz-Cf-Id': '7q4r7dPK1hQWebZE3NBl3VmgUxOt2yr2LDAtYU2WrFq6G6Jo6EApCg=='})
2025-12-24 14:12:37,892 | ERROR | [LOOP_SLOW] ❌ ADVERTENCIA: Error #5: type object 'Config' has no attribute 'ENABLE_SHADOW_V2'
2025-12-24 14:12:54,747 | ERROR | [API_MANAGER] ❌ ADVERTENCIA: Error leyendo posiciones: (401, -2015, 'Invalid API-key, IP, or permissions for action', {'Content-Type': 'application/json', 'Content-Length': '69', 'Connection': 'keep-alive', 'Date': 'Wed, 24 Dec 2025 18:12:53 GMT', 'Access-Control-Allow-Methods': 'GET, POST, PUT, DELETE, OPTIONS', 'Server': 'Bengine', 'x-mbx-used-weight-1m': '125', 'x-response-time': '2ms', 'Access-Control-Allow-Origin': '*', 'X-Cache': 'Error from cloudfront', 'Via': '1.1 6b841f2a8bf37f2f0d19953298c0f040.cloudfront.net (CloudFront)', 'X-Amz-Cf-Pop': 'MIA50-P7', 'X-Amz-Cf-Id': 'ciOHdHbJrSJKa06vsULWXJvb_6rR3uI07A-sWQ7oWW0Zn8PVPThpGg=='})
2025-12-24 14:12:55,063 | ERROR | [LOOP_SLOW] ❌ ADVERTENCIA: Error #6: type object 'Config' has no attribute 'ENABLE_SHADOW_V2'
2025-12-24 14:13:11,831 | ERROR | [API_MANAGER] ❌ ADVERTENCIA: Error leyendo posiciones: (401, -2015, 'Invalid API-key, IP, or permissions for action', {'Content-Type': 'application/json', 'Content-Length': '69', 'Connection': 'keep-alive', 'Date': 'Wed, 24 Dec 2025 18:13:10 GMT', 'Access-Control-Allow-Methods': 'GET, POST, PUT, DELETE, OPTIONS', 'Server': 'Bengine', 'x-mbx-used-weight-1m': '50', 'x-response-time': '2ms', 'Access-Control-Allow-Origin': '*', 'X-Cache': 'Error from cloudfront', 'Via': '1.1 6b841f2a8bf37f2f0d19953298c0f040.cloudfront.net (CloudFront)', 'X-Amz-Cf-Pop': 'MIA50-P7', 'X-Amz-Cf-Id': '1J2YSwVkKNC9ENqrHGw-jyjpaqIguWyrTWW6lnNYOayl_IaSib1Ncg=='})
2025-12-24 14:13:12,095 | ERROR | [LOOP_SLOW] ❌ ADVERTENCIA: Error #7: type object 'Config' has no attribute 'ENABLE_SHADOW_V2'
2025-12-24 14:13:28,725 | ERROR | [API_MANAGER] ❌ ADVERTENCIA: Error leyendo posiciones: (401, -2015, 'Invalid API-key, IP, or permissions for action', {'Content-Type': 'application/json', 'Content-Length': '69', 'Connection': 'keep-alive', 'Date': 'Wed, 24 Dec 2025 18:13:27 GMT', 'Access-Control-Allow-Methods': 'GET, POST, PUT, DELETE, OPTIONS', 'Server': 'Bengine', 'x-mbx-used-weight-1m': '127', 'x-response-time': '2ms', 'Access-Control-Allow-Origin': '*', 'X-Cache': 'Error from cloudfront', 'Via': '1.1 6b841f2a8bf37f2f0d19953298c0f040.cloudfront.net (CloudFront)', 'X-Amz-Cf-Pop': 'MIA50-P7', 'X-Amz-Cf-Id': '3WjJkTg7gpg2bm-YYOl5vcV57Nt-U4q3FwcsxVjosuDjnfvLhyLv7w=='})
2025-12-24 14:13:29,080 | ERROR | [LOOP_SLOW] ❌ ADVERTENCIA: Error #8: type object 'Config' has no attribute 'ENABLE_SHADOW_V2'
2025-12-24 14:13:53,722 | ERROR | [API_MANAGER] ❌ ADVERTENCIA: Error leyendo posiciones: (401, -2015, 'Invalid API-key, IP, or permissions for action', {'Content-Type': 'application/json', 'Content-Length': '69', 'Connection': 'keep-alive', 'Date': 'Wed, 24 Dec 2025 18:13:52 GMT', 'Access-Control-Allow-Methods': 'GET, POST, PUT, DELETE, OPTIONS', 'Server': 'Bengine', 'x-mbx-used-weight-1m': '27', 'x-response-time': '2ms', 'Access-Control-Allow-Origin': '*', 'X-Cache': 'Error from cloudfront', 'Via': '1.1 6b841f2a8bf37f2f0d19953298c0f040.cloudfront.net (CloudFront)', 'X-Amz-Cf-Pop': 'MIA50-P7', 'X-Amz-Cf-Id': '51-K66aIsABCMiUcGQIYVtU0ERLhdWI9GhEvPOsHT3LILt713iZSdg=='})
2025-12-24 14:13:54,031 | ERROR | [LOOP_SLOW] ❌ ADVERTENCIA: Error #9: type object 'Config' has no attribute 'ENABLE_SHADOW_V2'
2025-12-24 14:14:30,411 | ERROR | [API_MANAGER] ❌ ADVERTENCIA: Error leyendo posiciones: (401, -2015, 'Invalid API-key, IP, or permissions for action', {'Content-Type': 'application/json', 'Content-Length': '69', 'Connection': 'keep-alive', 'Date': 'Wed, 24 Dec 2025 18:14:29 GMT', 'Access-Control-Allow-Methods': 'GET, POST, PUT, DELETE, OPTIONS', 'Server': 'Bengine', 'x-mbx-used-weight-1m': '17', 'x-response-time': '2ms', 'Access-Control-Allow-Origin': '*', 'X-Cache': 'Error from cloudfront', 'Via': '1.1 6b841f2a8bf37f2f0d19953298c0f040.cloudfront.net (CloudFront)', 'X-Amz-Cf-Pop': 'MIA50-P7', 'X-Amz-Cf-Id': '4mIO4L6XNY_cQHLxKLYw131faJV2XbKKhwuBDHHcJJbBFGH-LnrGig=='})
2025-12-24 14:14:30,702 | ERROR | [LOOP_SLOW] ❌ ADVERTENCIA: Error #10: type object 'Config' has no attribute 'ENABLE_SHADOW_V2'
2025-12-24 14:15:04,693 | ERROR | [API_MANAGER] ❌ ADVERTENCIA: Error leyendo posiciones: (401, -2015, 'Invalid API-key, IP, or permissions for action', {'Content-Type': 'application/json', 'Content-Length': '69', 'Connection': 'keep-alive', 'Date': 'Wed, 24 Dec 2025 18:15:03 GMT', 'Access-Control-Allow-Methods': 'GET, POST, PUT, DELETE, OPTIONS', 'Server': 'Bengine', 'x-mbx-used-weight-1m': '10', 'x-response-time': '531ms', 'Access-Control-Allow-Origin': '*', 'X-Cache': 'Error from cloudfront', 'Via': '1.1 6b841f2a8bf37f2f0d19953298c0f040.cloudfront.net (CloudFront)', 'X-Amz-Cf-Pop': 'MIA50-P7', 'X-Amz-Cf-Id': 'FxlCg1iKJpEkmhy1BCu2-NupzNSfafZK-R15K4weF-iLDS2oH5kayQ=='})
2025-12-24 14:15:05,167 | ERROR | [LOOP_SLOW] ❌ ADVERTENCIA: Error #11: type object 'Config' has no attribute 'ENABLE_SHADOW_V2'
2025-12-24 14:15:38,421 | ERROR | [API_MANAGER] ❌ ADVERTENCIA: Error leyendo posiciones: (401, -2015, 'Invalid API-key, IP, or permissions for action', {'Content-Type': 'application/json', 'Content-Length': '69', 'Connection': 'keep-alive', 'Date': 'Wed, 24 Dec 2025 18:15:37 GMT', 'Access-Control-Allow-Methods': 'GET, POST, PUT, DELETE, OPTIONS', 'Server': 'Bengine', 'x-mbx-used-weight-1m': '25', 'x-response-time': '2ms', 'Access-Control-Allow-Origin': '*', 'X-Cache': 'Error from cloudfront', 'Via': '1.1 6b841f2a8bf37f2f0d19953298c0f040.cloudfront.net (CloudFront)', 'X-Amz-Cf-Pop': 'MIA50-P7', 'X-Amz-Cf-Id': 'hun7BrlO5KvkzPgbQ_05MvIuaCGvZ71A90J_R0wPSKuxDtE5UAwWgQ=='})
2025-12-24 14:15:38,754 | ERROR | [LOOP_SLOW] ❌ ADVERTENCIA: Error #12: type object 'Config' has no attribute 'ENABLE_SHADOW_V2'
2025-12-24 14:16:11,728 | ERROR | [API_MANAGER] ❌ ADVERTENCIA: Error leyendo posiciones: (401, -2015, 'Invalid API-key, IP, or permissions for action', {'Content-Type': 'application/json', 'Content-Length': '69', 'Connection': 'keep-alive', 'Date': 'Wed, 24 Dec 2025 18:16:10 GMT', 'Access-Control-Allow-Methods': 'GET, POST, PUT, DELETE, OPTIONS', 'Server': 'Bengine', 'x-mbx-used-weight-1m': '14', 'x-response-time': '5ms', 'Access-Control-Allow-Origin': '*', 'X-Cache': 'Error from cloudfront', 'Via': '1.1 6b841f2a8bf37f2f0d19953298c0f040.cloudfront.net (CloudFront)', 'X-Amz-Cf-Pop': 'MIA50-P7', 'X-Amz-Cf-Id': 'RA-B8VuUFgQqLpZSBkSErYGKTs7NVkW2oP6OoW8X_NKPDz2DkukfGw=='})
2025-12-24 14:16:12,368 | ERROR | [LOOP_SLOW] ❌ ADVERTENCIA: Error #13: type object 'Config' has no attribute 'ENABLE_SHADOW_V2'
2025-12-24 14:16:23,169 | INFO | [SISTEMA] 🛑 Detención manual solicitada.
2025-12-24 14:22:46,893 | INFO | [API_MANAGER] 📡 Conectando con Binance Futures (TESTNET)...
2025-12-24 14:22:47,792 | INFO | [API_MANAGER] Conexión Establecida. Ping: 1766600566871
2025-12-24 14:25:17,470 | INFO | [TELEGRAM] 🚀 Servicio de mensajería iniciado en segundo plano.
2025-12-24 14:25:17,716 | ERROR | [API_MANAGER] ❌ ADVERTENCIA: Error leyendo posiciones: (401, -2015, 'Invalid API-key, IP, or permissions for action', {'Content-Type': 'application/json', 'Content-Length': '69', 'Connection': 'keep-alive', 'Date': 'Wed, 24 Dec 2025 18:25:16 GMT', 'Access-Control-Allow-Methods': 'GET, POST, PUT, DELETE, OPTIONS', 'Server': 'Bengine', 'x-mbx-used-weight-1m': '200', 'x-response-time': '2ms', 'Access-Control-Allow-Origin': '*', 'X-Cache': 'Error from cloudfront', 'Via': '1.1 3918ab0fa31278106c218be295fe5078.cloudfront.net (CloudFront)', 'X-Amz-Cf-Pop': 'MIA50-P7', 'X-Amz-Cf-Id': 'idcyL9-csMbBTiRUCRLU2zPYviqfRU4xMTB6popYaN-T5BwsO7WHTw=='})
2025-12-24 14:25:17,717 | INFO | [MAIN] Sistema arrancado exitosamente.
2025-12-24 14:25:17,942 | INFO | [TELEGRAM] 👂 Escuchando comandos...
2025-12-24 14:25:31,268 | ERROR | [API_MANAGER] ❌ ADVERTENCIA: Error leyendo posiciones: (401, -2015, 'Invalid API-key, IP, or permissions for action', {'Content-Type': 'application/json', 'Content-Length': '69', 'Connection': 'keep-alive', 'Date': 'Wed, 24 Dec 2025 18:25:30 GMT', 'Access-Control-Allow-Methods': 'GET, POST, PUT, DELETE, OPTIONS', 'Server': 'Bengine', 'x-mbx-used-weight-1m': '255', 'x-response-time': '2ms', 'Access-Control-Allow-Origin': '*', 'X-Cache': 'Error from cloudfront', 'Via': '1.1 3918ab0fa31278106c218be295fe5078.cloudfront.net (CloudFront)', 'X-Amz-Cf-Pop': 'MIA50-P7', 'X-Amz-Cf-Id': 'NZtPG5UdAR_6uNMSzqKMcP8NMdONel5xjRHRE0sC4qhRkLqArPlNPg=='})
2025-12-24 14:25:31,604 | ERROR | [LOOP_SLOW] ❌ ADVERTENCIA: Error #1: type object 'Config' has no attribute 'ENABLE_ECO_SWING_V3'
2025-12-24 14:25:46,835 | ERROR | [API_MANAGER] ❌ ADVERTENCIA: Error leyendo posiciones: (401, -2015, 'Invalid API-key, IP, or permissions for action', {'Content-Type': 'application/json', 'Content-Length': '69', 'Connection': 'keep-alive', 'Date': 'Wed, 24 Dec 2025 18:25:45 GMT', 'Access-Control-Allow-Methods': 'GET, POST, PUT, DELETE, OPTIONS', 'Server': 'Bengine', 'x-mbx-used-weight-1m': '40', 'x-response-time': '2ms', 'Access-Control-Allow-Origin': '*', 'X-Cache': 'Error from cloudfront', 'Via': '1.1 3918ab0fa31278106c218be295fe5078.cloudfront.net (CloudFront)', 'X-Amz-Cf-Pop': 'MIA50-P7', 'X-Amz-Cf-Id': '-lJXynfkGToYXff6aXHexJx2-vuwTDYQiV-OBtV8fzyFbzWqWxYJuA=='})
2025-12-24 14:25:47,473 | ERROR | [LOOP_SLOW] ❌ ADVERTENCIA: Error #2: type object 'Config' has no attribute 'ENABLE_ECO_SWING_V3'
2025-12-24 14:26:02,297 | ERROR | [API_MANAGER] ❌ ADVERTENCIA: Error leyendo posiciones: (401, -2015, 'Invalid API-key, IP, or permissions for action', {'Content-Type': 'application/json', 'Content-Length': '69', 'Connection': 'keep-alive', 'Date': 'Wed, 24 Dec 2025 18:26:01 GMT', 'Access-Control-Allow-Methods': 'GET, POST, PUT, DELETE, OPTIONS', 'Server': 'Bengine', 'x-mbx-used-weight-1m': '5', 'x-response-time': '2ms', 'Access-Control-Allow-Origin': '*', 'X-Cache': 'Error from cloudfront', 'Via': '1.1 3918ab0fa31278106c218be295fe5078.cloudfront.net (CloudFront)', 'X-Amz-Cf-Pop': 'MIA50-P7', 'X-Amz-Cf-Id': '5l2sXkqeqiLw7D7lbd2xaxU8in0XgufKP5QCBleujOy4E_qDoKczFw=='})
2025-12-24 14:26:02,566 | ERROR | [LOOP_SLOW] ❌ ADVERTENCIA: Error #3: type object 'Config' has no attribute 'ENABLE_ECO_SWING_V3'
2025-12-24 14:26:18,218 | ERROR | [API_MANAGER] ❌ ADVERTENCIA: Error leyendo posiciones: (401, -2015, 'Invalid API-key, IP, or permissions for action', {'Content-Type': 'application/json', 'Content-Length': '69', 'Connection': 'keep-alive', 'Date': 'Wed, 24 Dec 2025 18:26:17 GMT', 'Access-Control-Allow-Methods': 'GET, POST, PUT, DELETE, OPTIONS', 'Server': 'Bengine', 'x-mbx-used-weight-1m': '67', 'x-response-time': '2ms', 'Access-Control-Allow-Origin': '*', 'X-Cache': 'Error from cloudfront', 'Via': '1.1 3918ab0fa31278106c218be295fe5078.cloudfront.net (CloudFront)', 'X-Amz-Cf-Pop': 'MIA50-P7', 'X-Amz-Cf-Id': 'hnGTVcDeVy-NMo283QE9nB0hZmrso0SAUr8330Tu8F8ffTrc24zlLA=='})
2025-12-24 14:26:18,503 | ERROR | [LOOP_SLOW] ❌ ADVERTENCIA: Error #4: type object 'Config' has no attribute 'ENABLE_ECO_SWING_V3'
2025-12-24 14:26:35,167 | ERROR | [API_MANAGER] ❌ ADVERTENCIA: Error leyendo posiciones: (401, -2015, 'Invalid API-key, IP, or permissions for action', {'Content-Type': 'application/json', 'Content-Length': '69', 'Connection': 'keep-alive', 'Date': 'Wed, 24 Dec 2025 18:26:34 GMT', 'Access-Control-Allow-Methods': 'GET, POST, PUT, DELETE, OPTIONS', 'Server': 'Bengine', 'x-mbx-used-weight-1m': '38', 'x-response-time': '2ms', 'Access-Control-Allow-Origin': '*', 'X-Cache': 'Error from cloudfront', 'Via': '1.1 3918ab0fa31278106c218be295fe5078.cloudfront.net (CloudFront)', 'X-Amz-Cf-Pop': 'MIA50-P7', 'X-Amz-Cf-Id': '_Z2Hb7uewf2NlmePaToBhyVtTO9Acgq58_O-wAWf-HUVdmsl8Fz8hw=='})
2025-12-24 14:26:35,424 | ERROR | [LOOP_SLOW] ❌ ADVERTENCIA: Error #5: type object 'Config' has no attribute 'ENABLE_ECO_SWING_V3'
2025-12-24 14:26:53,626 | ERROR | [API_MANAGER] ❌ ADVERTENCIA: Error leyendo posiciones: (401, -2015, 'Invalid API-key, IP, or permissions for action', {'Content-Type': 'application/json', 'Content-Length': '69', 'Connection': 'keep-alive', 'Date': 'Wed, 24 Dec 2025 18:26:52 GMT', 'Access-Control-Allow-Methods': 'GET, POST, PUT, DELETE, OPTIONS', 'Server': 'Bengine', 'x-mbx-used-weight-1m': '112', 'x-response-time': '2ms', 'Access-Control-Allow-Origin': '*', 'X-Cache': 'Error from cloudfront', 'Via': '1.1 3918ab0fa31278106c218be295fe5078.cloudfront.net (CloudFront)', 'X-Amz-Cf-Pop': 'MIA50-P7', 'X-Amz-Cf-Id': '99RtTVBicAltOrOQa1Uz__qPApQIMRbecvwsSvwZFDqfl-bWr53hCw=='})
2025-12-24 14:26:53,895 | ERROR | [LOOP_SLOW] ❌ ADVERTENCIA: Error #6: type object 'Config' has no attribute 'ENABLE_ECO_SWING_V3'
2025-12-24 14:27:30,164 | ERROR | [API_MANAGER] ❌ ADVERTENCIA: Error leyendo posiciones: (401, -2015, 'Invalid API-key, IP, or permissions for action', {'Content-Type': 'application/json', 'Content-Length': '69', 'Connection': 'keep-alive', 'Date': 'Wed, 24 Dec 2025 18:27:29 GMT', 'Access-Control-Allow-Methods': 'GET, POST, PUT, DELETE, OPTIONS', 'Server': 'Bengine', 'x-mbx-used-weight-1m': '131', 'x-response-time': '2ms', 'Access-Control-Allow-Origin': '*', 'X-Cache': 'Error from cloudfront', 'Via': '1.1 3918ab0fa31278106c218be295fe5078.cloudfront.net (CloudFront)', 'X-Amz-Cf-Pop': 'MIA50-P7', 'X-Amz-Cf-Id': 'sKf_LyI87MSA_f6d54cXrrsAptKMfCFLrEtAWzr4s_Sk7yQuXfbiBQ=='})
2025-12-24 14:27:30,483 | ERROR | [LOOP_SLOW] ❌ ADVERTENCIA: Error #7: type object 'Config' has no attribute 'ENABLE_ECO_SWING_V3'
2025-12-24 14:28:04,747 | ERROR | [API_MANAGER] ❌ ADVERTENCIA: Error leyendo posiciones: (401, -2015, 'Invalid API-key, IP, or permissions for action', {'Content-Type': 'application/json', 'Content-Length': '69', 'Connection': 'keep-alive', 'Date': 'Wed, 24 Dec 2025 18:28:03 GMT', 'Access-Control-Allow-Methods': 'GET, POST, PUT, DELETE, OPTIONS', 'Server': 'Bengine', 'x-mbx-used-weight-1m': '6', 'x-response-time': '2ms', 'Access-Control-Allow-Origin': '*', 'X-Cache': 'Error from cloudfront', 'Via': '1.1 3918ab0fa31278106c218be295fe5078.cloudfront.net (CloudFront)', 'X-Amz-Cf-Pop': 'MIA50-P7', 'X-Amz-Cf-Id': 'JxbcQQseZ9i5h50e4COqslKH4qQfSPtZehucUnqiROQuTOcSIMl6ng=='})
2025-12-24 14:28:05,123 | ERROR | [LOOP_SLOW] ❌ ADVERTENCIA: Error #8: type object 'Config' has no attribute 'ENABLE_ECO_SWING_V3'
2025-12-24 14:28:31,384 | ERROR | [API_MANAGER] ❌ ADVERTENCIA: Error leyendo posiciones: (401, -2015, 'Invalid API-key, IP, or permissions for action', {'Content-Type': 'application/json', 'Content-Length': '69', 'Connection': 'keep-alive', 'Date': 'Wed, 24 Dec 2025 18:28:30 GMT', 'Access-Control-Allow-Methods': 'GET, POST, PUT, DELETE, OPTIONS', 'Server': 'Bengine', 'x-mbx-used-weight-1m': '17', 'x-response-time': '2ms', 'Access-Control-Allow-Origin': '*', 'X-Cache': 'Error from cloudfront', 'Via': '1.1 3918ab0fa31278106c218be295fe5078.cloudfront.net (CloudFront)', 'X-Amz-Cf-Pop': 'MIA50-P7', 'X-Amz-Cf-Id': 'jWxwidaRLOGGi2QcvLFJA05Cz-EL5MSWRkxTdaGdCCmVTVhnjmRkMw=='})
2025-12-24 14:28:32,450 | ERROR | [LOOP_SLOW] ❌ ADVERTENCIA: Error #9: type object 'Config' has no attribute 'ENABLE_ECO_SWING_V3'
2025-12-24 14:28:34,443 | INFO | [SISTEMA] 🛑 Detención manual solicitada.
2025-12-24 14:32:48,399 | INFO | [API_MANAGER] 📡 Conectando con Binance Futures (TESTNET)...
2025-12-24 14:32:49,844 | INFO | [API_MANAGER] Conexión Establecida. Ping: 1766601168944
2025-12-24 14:33:04,392 | INFO | [TELEGRAM] 🚀 Servicio de mensajería iniciado en segundo plano.
2025-12-24 14:33:04,684 | INFO | [MAIN] Sistema arrancado exitosamente.
2025-12-24 14:33:04,865 | INFO | [TELEGRAM] 👂 Escuchando comandos...
2025-12-24 14:33:20,396 | ERROR | [LOOP_SLOW] ❌ ADVERTENCIA: Error #1: type object 'Config' has no attribute 'ENABLE_ECO_SWING_V3'
2025-12-24 14:33:36,300 | ERROR | [LOOP_SLOW] ❌ ADVERTENCIA: Error #2: type object 'Config' has no attribute 'ENABLE_ECO_SWING_V3'
2025-12-24 14:33:52,658 | ERROR | [LOOP_SLOW] ❌ ADVERTENCIA: Error #3: type object 'Config' has no attribute 'ENABLE_ECO_SWING_V3'
2025-12-24 14:34:32,405 | ERROR | [LOOP_SLOW] ❌ ADVERTENCIA: Error #4: type object 'Config' has no attribute 'ENABLE_ECO_SWING_V3'
2025-12-24 14:35:09,190 | ERROR | [LOOP_SLOW] ❌ ADVERTENCIA: Error #5: type object 'Config' has no attribute 'ENABLE_ECO_SWING_V3'
2025-12-24 14:35:21,835 | INFO | [SISTEMA] 🛑 Detención manual solicitada.
2025-12-24 14:39:25,847 | INFO | [API_MANAGER] 📡 Conectando con Binance Futures (TESTNET)...
2025-12-24 14:39:26,667 | INFO | [API_MANAGER] Conexión Establecida. Ping: 1766601565765
2025-12-24 14:42:30,573 | INFO | [TELEGRAM] 🚀 Servicio de mensajería iniciado en segundo plano.
2025-12-24 14:42:31,035 | INFO | [TELEGRAM] 👂 Escuchando comandos...
2025-12-24 14:42:31,063 | INFO | [MAIN] Sistema arrancado exitosamente.
2025-12-24 14:42:45,607 | ERROR | [LOOP_SLOW] ❌ ADVERTENCIA: Error #1: type object 'Config' has no attribute 'ENABLE_ECO_GAMMA_V7'
2025-12-24 14:43:00,910 | ERROR | [LOOP_SLOW] ❌ ADVERTENCIA: Error #2: type object 'Config' has no attribute 'ENABLE_ECO_GAMMA_V7'
2025-12-24 14:43:26,601 | ERROR | [LOOP_SLOW] ❌ ADVERTENCIA: Error #3: type object 'Config' has no attribute 'ENABLE_ECO_GAMMA_V7'
2025-12-24 14:43:59,707 | ERROR | [LOOP_SLOW] ❌ ADVERTENCIA: Error #4: type object 'Config' has no attribute 'ENABLE_ECO_GAMMA_V7'
2025-12-24 14:44:26,506 | ERROR | [LOOP_SLOW] ❌ ADVERTENCIA: Error #5: type object 'Config' has no attribute 'ENABLE_ECO_GAMMA_V7'
2025-12-24 14:44:59,837 | ERROR | [LOOP_SLOW] ❌ ADVERTENCIA: Error #6: type object 'Config' has no attribute 'ENABLE_ECO_GAMMA_V7'
2025-12-24 14:45:38,071 | ERROR | [LOOP_SLOW] ❌ ADVERTENCIA: Error #7: type object 'Config' has no attribute 'ENABLE_ECO_GAMMA_V7'
2025-12-24 14:46:12,791 | ERROR | [LOOP_SLOW] ❌ ADVERTENCIA: Error #8: type object 'Config' has no attribute 'ENABLE_ECO_GAMMA_V7'
2025-12-24 14:46:45,721 | ERROR | [LOOP_SLOW] ❌ ADVERTENCIA: Error #9: type object 'Config' has no attribute 'ENABLE_ECO_GAMMA_V7'
2025-12-24 14:47:18,239 | ERROR | [LOOP_SLOW] ❌ ADVERTENCIA: Error #10: type object 'Config' has no attribute 'ENABLE_ECO_GAMMA_V7'
2025-12-24 14:47:51,056 | ERROR | [LOOP_SLOW] ❌ ADVERTENCIA: Error #11: type object 'Config' has no attribute 'ENABLE_ECO_GAMMA_V7'
2025-12-24 14:48:24,054 | ERROR | [LOOP_SLOW] ❌ ADVERTENCIA: Error #12: type object 'Config' has no attribute 'ENABLE_ECO_GAMMA_V7'
2025-12-24 14:48:57,461 | ERROR | [LOOP_SLOW] ❌ ADVERTENCIA: Error #13: type object 'Config' has no attribute 'ENABLE_ECO_GAMMA_V7'
2025-12-24 14:49:30,753 | ERROR | [LOOP_SLOW] ❌ ADVERTENCIA: Error #14: type object 'Config' has no attribute 'ENABLE_ECO_GAMMA_V7'
2025-12-24 14:50:04,047 | ERROR | [LOOP_SLOW] ❌ ADVERTENCIA: Error #15: type object 'Config' has no attribute 'ENABLE_ECO_GAMMA_V7'
2025-12-24 14:50:36,815 | ERROR | [LOOP_SLOW] ❌ ADVERTENCIA: Error #16: type object 'Config' has no attribute 'ENABLE_ECO_GAMMA_V7'
2025-12-24 14:51:09,452 | ERROR | [LOOP_SLOW] ❌ ADVERTENCIA: Error #17: type object 'Config' has no attribute 'ENABLE_ECO_GAMMA_V7'
2025-12-24 14:51:43,369 | ERROR | [LOOP_SLOW] ❌ ADVERTENCIA: Error #18: type object 'Config' has no attribute 'ENABLE_ECO_GAMMA_V7'
2025-12-24 14:52:15,976 | ERROR | [LOOP_SLOW] ❌ ADVERTENCIA: Error #19: type object 'Config' has no attribute 'ENABLE_ECO_GAMMA_V7'
2025-12-24 14:52:48,845 | ERROR | [LOOP_SLOW] ❌ ADVERTENCIA: Error #20: type object 'Config' has no attribute 'ENABLE_ECO_GAMMA_V7'
2025-12-24 14:53:21,585 | ERROR | [LOOP_SLOW] ❌ ADVERTENCIA: Error #21: type object 'Config' has no attribute 'ENABLE_ECO_GAMMA_V7'
2025-12-24 14:53:54,671 | ERROR | [LOOP_SLOW] ❌ ADVERTENCIA: Error #22: type object 'Config' has no attribute 'ENABLE_ECO_GAMMA_V7'
2025-12-24 14:54:27,329 | ERROR | [LOOP_SLOW] ❌ ADVERTENCIA: Error #23: type object 'Config' has no attribute 'ENABLE_ECO_GAMMA_V7'
2025-12-24 14:54:59,388 | ERROR | [LOOP_SLOW] ❌ ADVERTENCIA: Error #24: type object 'Config' has no attribute 'ENABLE_ECO_GAMMA_V7'
2025-12-24 14:55:31,497 | ERROR | [LOOP_SLOW] ❌ ADVERTENCIA: Error #25: type object 'Config' has no attribute 'ENABLE_ECO_GAMMA_V7'
2025-12-24 14:56:03,637 | ERROR | [LOOP_SLOW] ❌ ADVERTENCIA: Error #26: type object 'Config' has no attribute 'ENABLE_ECO_GAMMA_V7'
2025-12-24 14:56:37,190 | ERROR | [LOOP_SLOW] ❌ ADVERTENCIA: Error #27: type object 'Config' has no attribute 'ENABLE_ECO_GAMMA_V7'
2025-12-24 14:57:09,863 | ERROR | [LOOP_SLOW] ❌ ADVERTENCIA: Error #28: type object 'Config' has no attribute 'ENABLE_ECO_GAMMA_V7'
2025-12-24 14:57:43,225 | ERROR | [LOOP_SLOW] ❌ ADVERTENCIA: Error #29: type object 'Config' has no attribute 'ENABLE_ECO_GAMMA_V7'
2025-12-24 14:58:16,141 | ERROR | [LOOP_SLOW] ❌ ADVERTENCIA: Error #30: type object 'Config' has no attribute 'ENABLE_ECO_GAMMA_V7'
2025-12-24 14:58:49,393 | ERROR | [LOOP_SLOW] ❌ ADVERTENCIA: Error #31: type object 'Config' has no attribute 'ENABLE_ECO_GAMMA_V7'
2025-12-24 14:59:22,358 | ERROR | [LOOP_SLOW] ❌ ADVERTENCIA: Error #32: type object 'Config' has no attribute 'ENABLE_ECO_GAMMA_V7'
2025-12-24 14:59:55,380 | ERROR | [LOOP_SLOW] ❌ ADVERTENCIA: Error #33: type object 'Config' has no attribute 'ENABLE_ECO_GAMMA_V7'
2025-12-24 15:00:28,198 | ERROR | [LOOP_SLOW] ❌ ADVERTENCIA: Error #34: type object 'Config' has no attribute 'ENABLE_ECO_GAMMA_V7'
2025-12-24 15:00:37,094 | INFO | [SISTEMA] 🛑 Detención manual solicitada.
2025-12-24 15:01:29,258 | INFO | [API_MANAGER] 📡 Conectando con Binance Futures (TESTNET)...
2025-12-24 15:01:30,584 | INFO | [API_MANAGER] Conexión Establecida. Ping: 1766602889682
2025-12-24 15:06:39,190 | INFO | [TELEGRAM] 🚀 Servicio de mensajería iniciado en segundo plano.
2025-12-24 15:06:39,434 | INFO | [MAIN] Sistema arrancado exitosamente.
2025-12-24 15:06:39,720 | INFO | [TELEGRAM] 👂 Escuchando comandos...
2025-12-24 15:37:00,379 | INFO | [SISTEMA] 🛑 Detención manual solicitada.
2025-12-24 15:37:09,185 | INFO | [API_MANAGER] 📡 Conectando con Binance Futures (TESTNET)...
2025-12-24 15:37:10,280 | INFO | [API_MANAGER] Conexión Establecida. Ping: 1766605029372
2025-12-24 15:37:10,734 | INFO | [ORDER_MGR] 🛡️ Calibrado: Qty=1 dec, Price=2 dec
2025-12-24 15:37:25,477 | INFO | [TELEGRAM] 🚀 Servicio de mensajería iniciado en segundo plano.
2025-12-24 15:37:25,981 | INFO | [TELEGRAM] 👂 Escuchando comandos...
2025-12-24 15:37:26,410 | INFO | [MAIN] Sistema arrancado exitosamente.
2025-12-24 15:54:19,381 | INFO | [SISTEMA] 🛑 Detención manual solicitada.
2025-12-24 15:54:39,292 | INFO | [API_MANAGER] 📡 Conectando con Binance Futures (TESTNET)...
2025-12-24 15:54:39,922 | INFO | [API_MANAGER] Conexión Establecida. Ping: 1766606079028
2025-12-24 15:54:40,191 | INFO | [ORDER_MGR] 🛡️ Calibrado: Qty=1 dec, Price=2 dec
2025-12-24 15:54:55,367 | INFO | [TELEGRAM] 🚀 Servicio de mensajería iniciado en segundo plano.
2025-12-24 15:54:55,605 | INFO | [MAIN] Sistema arrancado exitosamente.
2025-12-24 15:54:56,217 | INFO | [TELEGRAM] 👂 Escuchando comandos...
2025-12-24 15:56:55,177 | INFO | [SISTEMA] 🛑 Detención manual solicitada.
2025-12-24 16:04:21,920 | INFO | [API_MANAGER] 📡 Conectando con Binance Futures (TESTNET)...
2025-12-24 16:04:22,546 | INFO | [API_MANAGER] Conexión Establecida. Ping: 1766606661644
2025-12-24 16:04:22,809 | INFO | [ORDER_MGR] 🛡️ Calibrado: Qty=1 dec, Price=2 dec
2025-12-24 16:04:36,637 | INFO | [TELEGRAM] 🚀 Servicio de mensajería iniciado en segundo plano.
2025-12-24 16:04:36,887 | INFO | [MAIN] Sistema arrancado exitosamente.
2025-12-24 16:04:37,122 | INFO | [TELEGRAM] 👂 Escuchando comandos...
2025-12-24 16:51:49,486 | INFO | [SISTEMA] 🛑 Detención manual solicitada.
